<?xml version="1.0" encoding="UTF-8"?>
<!-- Generated by org.testng.reporters.JUnitXMLReporter -->
<testsuite ignored="4" hostname="LAPTOP-DPU5Q1DC" failures="0" tests="1" name="Default test" time="31.396" errors="0" timestamp="18 Apr 2023 15:16:47 GMT">
  <testcase classname="Tests.DemoTest" name="CreateNewCustomer" time="29.171"/>
  <testcase classname="Tests.DemoTest" name="loginToActiTime" time="0.0">
    <ignored/>
  </testcase> <!-- loginToActiTime -->
  <testcase classname="Tests.DemoTest" name="CreateNewProject" time="0.0">
    <ignored/>
  </testcase> <!-- CreateNewProject -->
  <testcase classname="Tests.DemoTest" name="CreateNewTasks" time="0.0">
    <ignored/>
  </testcase> <!-- CreateNewTasks -->
  <testcase classname="Tests.DemoTest" name="navigateToUsers" time="0.0">
    <ignored/>
  </testcase> <!-- navigateToUsers -->
</testsuite> <!-- Default test -->
