<?xml version="1.0" encoding="UTF-8"?>
<testng-results ignored="4" total="5" passed="1" failed="0" skipped="0">
  <reporter-output>
  </reporter-output>
  <suite started-at="2023-04-18T15:16:16Z" name="Default suite" finished-at="2023-04-18T15:16:47Z" duration-ms="31396">
    <groups>
    </groups>
    <test started-at="2023-04-18T15:16:16Z" name="Default test" finished-at="2023-04-18T15:16:47Z" duration-ms="31396">
      <class name="Tests.DemoTest">
        <test-method is-config="true" signature="setUp()[pri:0, instance:Tests.DemoTest@51549490]" started-at="2023-04-18T15:16:16Z" name="setUp" finished-at="2023-04-18T15:16:18Z" duration-ms="1811" status="PASS">
          <reporter-output>
          </reporter-output>
        </test-method> <!-- setUp -->
        <test-method signature="CreateNewCustomer()[pri:0, instance:Tests.DemoTest@51549490]" started-at="2023-04-18T15:16:18Z" name="CreateNewCustomer" finished-at="2023-04-18T15:16:47Z" duration-ms="29171" status="PASS">
          <reporter-output>
          </reporter-output>
        </test-method> <!-- CreateNewCustomer -->
        <test-method is-config="true" signature="tearDown()[pri:0, instance:Tests.DemoTest@51549490]" started-at="2023-04-18T15:16:47Z" name="tearDown" finished-at="2023-04-18T15:16:47Z" duration-ms="394" status="PASS">
          <reporter-output>
          </reporter-output>
        </test-method> <!-- tearDown -->
      </class> <!-- Tests.DemoTest -->
    </test> <!-- Default test -->
  </suite> <!-- Default suite -->
</testng-results>
